<?xml version="1.0" encoding="UTF-8"?>
<testng-results ignored="0" total="1" passed="1" failed="0" skipped="0">
  <reporter-output>
  </reporter-output>
  <suite started-at="2021-02-05T18:14:07 IST" name="Suite" finished-at="2021-02-05T18:14:07 IST" duration-ms="46">
    <groups>
    </groups>
    <test started-at="2021-02-05T18:14:07 IST" name="Test" finished-at="2021-02-05T18:14:07 IST" duration-ms="46">
      <class name="qaclick.Practice.baseTest">
        <test-method signature="Drama()[pri:0, instance:qaclick.Practice.baseTest@14d3bc22]" started-at="2021-02-05T18:14:07 IST" name="Drama" finished-at="2021-02-05T18:14:07 IST" duration-ms="10" status="PASS">
          <reporter-output>
          </reporter-output>
        </test-method> <!-- Drama -->
      </class> <!-- qaclick.Practice.baseTest -->
    </test> <!-- Test -->
  </suite> <!-- Suite -->
</testng-results>
